\BOOKMARK [0][-]{section*.2}{\376\377\000L\000E\000M\000B\000A\000R\000\040\000P\000E\000N\000G\000E\000S\000A\000H\000A\000N}{}% 1
\BOOKMARK [0][-]{section*.3}{\376\377\000H\000A\000L\000A\000M\000A\000N\000\040\000P\000E\000R\000N\000Y\000A\000T\000A\000A\000N\000\040\000O\000R\000I\000S\000I\000N\000A\000L\000I\000T\000A\000S}{}% 2
\BOOKMARK [0][-]{section*.4}{\376\377\000H\000A\000L\000A\000M\000A\000N\000\040\000P\000E\000R\000S\000E\000T\000U\000J\000U\000A\000N\000\040\000P\000U\000B\000L\000I\000K\000A\000S\000I}{}% 3
\BOOKMARK [0][-]{section*.5}{\376\377\000K\000A\000T\000A\000\040\000P\000E\000N\000G\000A\000N\000T\000A\000R}{}% 4
\BOOKMARK [0][-]{section*.6}{\376\377\000R\000I\000N\000G\000K\000A\000S\000A\000N}{}% 5
\BOOKMARK [0][-]{section*.7}{\376\377\000A\000B\000S\000T\000R\000A\000K}{}% 6
\BOOKMARK [0][-]{section*.8}{\376\377\000A\000B\000S\000T\000R\000A\000C\000T}{}% 7
\BOOKMARK [0][-]{section*.9}{\376\377\000D\000A\000F\000T\000A\000R\000\040\000I\000S\000I}{}% 8
\BOOKMARK [0][-]{section*.11}{\376\377\000D\000A\000F\000T\000A\000R\000\040\000T\000A\000B\000E\000L}{}% 9
\BOOKMARK [0][-]{section*.13}{\376\377\000D\000A\000F\000T\000A\000R\000\040\000G\000A\000M\000B\000A\000R}{}% 10
\BOOKMARK [0][-]{section*.15}{\376\377\000D\000A\000F\000T\000A\000R\000\040\000R\000U\000M\000U\000S}{}% 11
\BOOKMARK [0][-]{section*.17}{\376\377\000D\000A\000F\000T\000A\000R\000\040\000K\000O\000D\000E}{}% 12
\BOOKMARK [0][-]{chapter.1}{\376\377\000P\000E\000N\000D\000A\000H\000U\000L\000U\000A\000N}{}% 13
\BOOKMARK [1][-]{section.1.1}{\376\377\000L\000a\000t\000a\000r\000\040\000B\000e\000l\000a\000k\000a\000n\000g}{chapter.1}% 14
\BOOKMARK [1][-]{section.1.2}{\376\377\000R\000u\000m\000u\000s\000a\000n\000\040\000M\000a\000s\000a\000l\000a\000h}{chapter.1}% 15
\BOOKMARK [1][-]{section.1.3}{\376\377\000T\000u\000j\000u\000a\000n\000\040\000P\000e\000n\000e\000l\000i\000t\000i\000a\000n}{chapter.1}% 16
\BOOKMARK [1][-]{section.1.4}{\376\377\000B\000a\000t\000a\000s\000a\000n\000\040\000M\000a\000s\000a\000l\000a\000h}{chapter.1}% 17
\BOOKMARK [1][-]{section.1.5}{\376\377\000M\000a\000n\000f\000a\000a\000t\000\040\000P\000e\000n\000e\000l\000i\000t\000i\000a\000n}{chapter.1}% 18
\BOOKMARK [1][-]{section.1.6}{\376\377\000S\000i\000s\000t\000e\000m\000a\000t\000i\000k\000a\000\040\000P\000e\000n\000u\000l\000i\000s\000a\000n}{chapter.1}% 19
\BOOKMARK [2][-]{subsection.1.6.1}{\376\377\000B\000a\000b\000\040\000I}{section.1.6}% 20
\BOOKMARK [2][-]{subsection.1.6.2}{\376\377\000B\000a\000b\000\040\000I\000I}{section.1.6}% 21
\BOOKMARK [2][-]{subsection.1.6.3}{\376\377\000B\000a\000b\000\040\000I\000I\000I}{section.1.6}% 22
\BOOKMARK [2][-]{subsection.1.6.4}{\376\377\000B\000a\000b\000\040\000I\000V}{section.1.6}% 23
\BOOKMARK [2][-]{subsection.1.6.5}{\376\377\000B\000a\000b\000\040\000V}{section.1.6}% 24
\BOOKMARK [0][-]{chapter.2}{\376\377\000T\000I\000N\000J\000A\000U\000A\000N\000\040\000P\000U\000S\000T\000A\000K\000A}{}% 25
\BOOKMARK [1][-]{section.2.1}{\376\377\000T\000i\000n\000j\000a\000u\000a\000n\000\040\000P\000u\000s\000t\000a\000k\000a}{chapter.2}% 26
\BOOKMARK [1][-]{section.2.2}{\376\377\000D\000a\000s\000a\000r\000\040\000T\000e\000o\000r\000i}{chapter.2}% 27
\BOOKMARK [2][-]{subsection.2.2.1}{\376\377\000R\000e\000p\000r\000e\000s\000e\000n\000t\000a\000s\000i\000\040\000S\000p\000e\000k\000t\000r\000o\000g\000r\000a\000m}{section.2.2}% 28
\BOOKMARK [2][-]{subsection.2.2.2}{\376\377\000M\000e\000l\000\040\000S\000p\000e\000c\000t\000r\000o\000g\000r\000a\000m}{section.2.2}% 29
\BOOKMARK [2][-]{subsection.2.2.3}{\376\377\000C\000o\000n\000v\000o\000l\000u\000t\000i\000o\000n\000a\000l\000\040\000N\000e\000u\000r\000a\000l\000\040\000N\000e\000t\000w\000o\000r\000k\000\040\000\050\000C\000N\000N\000\051}{section.2.2}% 30
\BOOKMARK [2][-]{subsection.2.2.4}{\376\377\000P\000i\000c\000z\000a\000k\000C\000N\000N}{section.2.2}% 31
\BOOKMARK [2][-]{subsection.2.2.5}{\376\377\000P\000A\000N\000N\000s\000\040\000C\000N\000N\0001\0004}{section.2.2}% 32
\BOOKMARK [3][-]{subsubsection.2.2.5.1}{\376\377\000L\000a\000y\000e\000r\000\040\000A\000r\000c\000h\000i\000t\000e\000c\000t\000u\000r\000e}{subsection.2.2.5}% 33
\BOOKMARK [2][-]{subsection.2.2.6}{\376\377\000M\000a\000x\000-\000P\000o\000o\000l\000i\000n\000g}{section.2.2}% 34
\BOOKMARK [3][-]{subsubsection.2.2.6.1}{\376\377\000R\000e\000c\000t\000i\000f\000i\000e\000d\000\040\000L\000i\000n\000e\000a\000r\000\040\000U\000n\000i\000t\000s}{subsection.2.2.6}% 35
\BOOKMARK [3][-]{subsubsection.2.2.6.2}{\376\377\000D\000r\000o\000p\000o\000u\000t\000\040\000L\000e\000a\000r\000n\000i\000n\000g}{subsection.2.2.6}% 36
\BOOKMARK [2][-]{subsection.2.2.7}{\376\377\000C\000o\000n\000f\000u\000s\000i\000o\000n\000\040\000M\000a\000t\000r\000i\000x}{section.2.2}% 37
\BOOKMARK [3][-]{subsubsection.2.2.7.1}{\376\377\000A\000c\000c\000u\000r\000a\000c\000y}{subsection.2.2.7}% 38
\BOOKMARK [3][-]{subsubsection.2.2.7.2}{\376\377\000P\000r\000e\000c\000i\000s\000i\000o\000n}{subsection.2.2.7}% 39
\BOOKMARK [3][-]{subsubsection.2.2.7.3}{\376\377\000R\000e\000c\000a\000l\000l}{subsection.2.2.7}% 40
\BOOKMARK [3][-]{subsubsection.2.2.7.4}{\376\377\000F\0001\000-\000S\000c\000o\000r\000e}{subsection.2.2.7}% 41
\BOOKMARK [0][-]{chapter.3}{\376\377\000M\000E\000T\000O\000D\000E\000\040\000P\000E\000N\000E\000L\000I\000T\000I\000A\000N}{}% 42
\BOOKMARK [1][-]{section.3.1}{\376\377\000A\000l\000u\000r\000\040\000P\000e\000n\000e\000l\000i\000t\000i\000a\000n}{chapter.3}% 43
\BOOKMARK [1][-]{section.3.2}{\376\377\000P\000e\000n\000j\000a\000b\000a\000r\000a\000n\000\040\000L\000a\000n\000g\000k\000a\000h\000\040\000P\000e\000n\000e\000l\000i\000t\000i\000a\000n}{chapter.3}% 44
\BOOKMARK [2][-]{subsection.3.2.1}{\376\377\000I\000d\000e\000n\000t\000i\000f\000i\000k\000a\000s\000i\000\040\000M\000a\000s\000a\000l\000a\000h}{section.3.2}% 45
\BOOKMARK [2][-]{subsection.3.2.2}{\376\377\000S\000t\000u\000d\000i\000\040\000L\000i\000t\000e\000r\000a\000t\000u\000r}{section.3.2}% 46
\BOOKMARK [2][-]{subsection.3.2.3}{\376\377\000P\000e\000n\000g\000u\000m\000p\000u\000l\000a\000n\000\040\000D\000a\000t\000a}{section.3.2}% 47
\BOOKMARK [2][-]{subsection.3.2.4}{\376\377\000P\000e\000n\000g\000e\000m\000b\000a\000n\000g\000a\000n\000\040\000M\000o\000d\000e\000l}{section.3.2}% 48
\BOOKMARK [2][-]{subsection.3.2.5}{\376\377\000E\000v\000a\000l\000u\000a\000s\000i\000\040\000M\000o\000d\000e\000l}{section.3.2}% 49
\BOOKMARK [2][-]{subsection.3.2.6}{\376\377\000H\000a\000s\000i\000l\000\040\000d\000a\000n\000\040\000P\000e\000m\000b\000a\000h\000a\000s\000a\000n}{section.3.2}% 50
\BOOKMARK [1][-]{section.3.3}{\376\377\000A\000l\000a\000t\000\040\000d\000a\000n\000\040\000B\000a\000h\000a\000n\000\040\000T\000u\000g\000a\000s\000\040\000A\000k\000h\000i\000r}{chapter.3}% 51
\BOOKMARK [2][-]{subsection.3.3.1}{\376\377\000A\000l\000a\000t}{section.3.3}% 52
\BOOKMARK [2][-]{subsection.3.3.2}{\376\377\000B\000a\000h\000a\000n}{section.3.3}% 53
\BOOKMARK [1][-]{section.3.4}{\376\377\000M\000e\000t\000o\000d\000e\000\040\000P\000e\000n\000g\000e\000m\000b\000a\000n\000g\000a\000n\000\040\000M\000o\000d\000e\000l}{chapter.3}% 54
\BOOKMARK [2][-]{subsection.3.4.1}{\376\377\000I\000n\000p\000u\000t\000\040\000D\000a\000t\000a\000s\000e\000t}{section.3.4}% 55
\BOOKMARK [2][-]{subsection.3.4.2}{\376\377\000D\000a\000t\000a\000\040\000L\000a\000b\000e\000l\000i\000n\000g}{section.3.4}% 56
\BOOKMARK [2][-]{subsection.3.4.3}{\376\377\000S\000p\000l\000i\000t\000\040\000D\000a\000t\000a}{section.3.4}% 57
\BOOKMARK [2][-]{subsection.3.4.4}{\376\377\000P\000r\000e\000-\000p\000r\000o\000c\000e\000s\000s\000i\000n\000g\000\040\000D\000a\000t\000a}{section.3.4}% 58
\BOOKMARK [3][-]{subsubsection.3.4.4.1}{\376\377\000A\000u\000g\000m\000e\000n\000t\000a\000t\000i\000o\000n}{subsection.3.4.4}% 59
\BOOKMARK [3][-]{subsubsection.3.4.4.2}{\376\377\000F\000e\000a\000t\000u\000r\000e\000\040\000E\000x\000t\000r\000a\000c\000t\000i\000o\000n}{subsection.3.4.4}% 60
\BOOKMARK [3][-]{subsubsection.3.4.4.3}{\376\377\000N\000o\000r\000m\000a\000l\000i\000z\000a\000t\000i\000o\000n\000\040\000d\000a\000n\000\040\000P\000a\000d\000d\000i\000n\000g}{subsection.3.4.4}% 61
\BOOKMARK [3][-]{subsubsection.3.4.4.4}{\376\377\000S\000e\000g\000m\000e\000n\000t\000a\000t\000i\000o\000n}{subsection.3.4.4}% 62
\BOOKMARK [3][-]{subsubsection.3.4.4.5}{\376\377\000D\000e\000l\000t\000a\000\040\000F\000e\000a\000t\000u\000r\000e\000s}{subsection.3.4.4}% 63
\BOOKMARK [2][-]{subsection.3.4.5}{\376\377\000P\000e\000l\000a\000t\000i\000h\000a\000n\000\040\000M\000o\000d\000e\000l}{section.3.4}% 64
\BOOKMARK [2][-]{subsection.3.4.6}{\376\377\000L\000a\000p\000i\000s\000a\000n\000\040\000I\000n\000p\000u\000t}{section.3.4}% 65
\BOOKMARK [3][-]{subsubsection.3.4.6.1}{\376\377\000L\000a\000p\000i\000s\000a\000n\000\040\000K\000o\000n\000v\000o\000l\000u\000s\000i\000\040\000P\000e\000r\000t\000a\000m\000a\000\040\000\050\000C\000o\000n\000v\0001\000\051}{subsection.3.4.6}% 66
\BOOKMARK [3][-]{subsubsection.3.4.6.2}{\376\377\000L\000a\000p\000i\000s\000a\000n\000\040\000M\000a\000x\000\040\000P\000o\000o\000l\000i\000n\000g\000\040\000P\000e\000r\000t\000a\000m\000a\000\040\000\050\000M\000a\000x\000P\000o\000o\000l\0001\000\051}{subsection.3.4.6}% 67
\BOOKMARK [3][-]{subsubsection.3.4.6.3}{\376\377\000L\000a\000p\000i\000s\000a\000n\000\040\000M\000a\000x\000\040\000P\000o\000o\000l\000i\000n\000g\000\040\000K\000e\000d\000u\000a\000\040\000\050\000M\000a\000x\000P\000o\000o\000l\0002\000\051}{subsection.3.4.6}% 68
\BOOKMARK [3][-]{subsubsection.3.4.6.4}{\376\377\000L\000a\000p\000i\000s\000a\000n\000\040\000F\000u\000l\000l\000y\000\040\000C\000o\000n\000n\000e\000c\000t\000e\000d\000\040\000d\000a\000n\000\040\000R\000e\000g\000u\000l\000a\000r\000i\000s\000a\000s\000i}{subsection.3.4.6}% 69
\BOOKMARK [3][-]{subsubsection.3.4.6.5}{\376\377\000L\000a\000p\000i\000s\000a\000n\000\040\000O\000u\000t\000p\000u\000t}{subsection.3.4.6}% 70
\BOOKMARK [2][-]{subsection.3.4.7}{\376\377\000H\000y\000p\000e\000r\000p\000a\000r\000a\000m\000e\000t\000e\000r\000\040\000T\000u\000n\000i\000n\000g}{section.3.4}% 71
\BOOKMARK [1][-]{section.3.5}{\376\377\000I\000l\000u\000s\000t\000r\000a\000s\000i\000\040\000P\000e\000r\000h\000i\000t\000u\000n\000g\000a\000n}{chapter.3}% 72
\BOOKMARK [1][-]{section.3.6}{\376\377\000R\000e\000n\000c\000a\000n\000a\000\040\000P\000e\000n\000g\000u\000j\000i\000a\000n}{chapter.3}% 73
\BOOKMARK [2][-]{subsection.3.6.1}{\376\377\000S\000t\000u\000d\000i\000\040\000A\000b\000l\000a\000s\000i}{section.3.6}% 74
\BOOKMARK [3][-]{subsubsection.3.6.1.1}{\376\377\000K\000o\000n\000s\000e\000p\000\040\000S\000t\000u\000d\000i\000\040\000A\000b\000l\000a\000s\000i}{subsection.3.6.1}% 75
\BOOKMARK [3][-]{subsubsection.3.6.1.2}{\376\377\000S\000k\000e\000n\000a\000r\000i\000o\000\040\000P\000e\000n\000g\000u\000j\000i\000a\000n}{subsection.3.6.1}% 76
\BOOKMARK [0][-]{chapter.4}{\376\377\000H\000A\000S\000I\000L\000\040\000D\000A\000N\000\040\000P\000E\000M\000B\000A\000H\000A\000S\000A\000N}{}% 77
\BOOKMARK [1][-]{section.4.1}{\376\377\000H\000a\000s\000i\000l}{chapter.4}% 78
\BOOKMARK [2][-]{subsection.4.1.1}{\376\377\000P\000e\000n\000g\000u\000m\000p\000u\000l\000a\000n\000\040\000D\000a\000t\000a}{section.4.1}% 79
\BOOKMARK [2][-]{subsection.4.1.2}{\376\377\000S\000p\000l\000i\000t\000\040\000D\000a\000t\000a}{section.4.1}% 80
\BOOKMARK [2][-]{subsection.4.1.3}{\376\377\000P\000r\000e\000-\000P\000r\000o\000c\000e\000s\000s\000i\000n\000g\000\040\000d\000a\000n\000\040\000A\000u\000g\000m\000e\000n\000t\000a\000s\000i\000\040\000D\000a\000t\000a}{section.4.1}% 81
\BOOKMARK [3][-]{subsubsection.4.1.3.1}{\376\377\000P\000r\000e\000-\000P\000r\000o\000c\000e\000s\000s\000i\000n\000g\000\040\000D\000a\000t\000a}{subsection.4.1.3}% 82
\BOOKMARK [3][-]{subsubsection.4.1.3.2}{\376\377\000A\000u\000g\000m\000e\000n\000t\000a\000s\000i\000\040\000D\000a\000t\000a}{subsection.4.1.3}% 83
\BOOKMARK [2][-]{subsection.4.1.4}{\376\377\000P\000e\000l\000a\000t\000i\000h\000a\000n\000\040\000M\000o\000d\000e\000l}{section.4.1}% 84
\BOOKMARK [3][-]{subsubsection.4.1.4.1}{\376\377\000P\000e\000n\000g\000u\000j\000i\000a\000n\000\040\000M\000o\000d\000e\000l}{subsection.4.1.4}% 85
\BOOKMARK [3][-]{subsubsection.4.1.4.2}{\376\377\000P\000e\000r\000b\000a\000n\000d\000i\000n\000g\000a\000n\000\040\000M\000o\000d\000e\000l}{subsection.4.1.4}% 86
\BOOKMARK [2][-]{subsection.4.1.5}{\376\377\000E\000v\000a\000l\000u\000a\000s\000i\000\040\000S\000t\000u\000d\000i\000\040\000A\000b\000l\000a\000s\000i}{section.4.1}% 87
\BOOKMARK [3][-]{subsubsection.4.1.5.1}{\376\377\000B\000a\000s\000e\000l\000i\000n\000e\000\040\000M\000o\000d\000e\000l}{subsection.4.1.5}% 88
\BOOKMARK [3][-]{subsubsection.4.1.5.2}{\376\377\000E\000k\000s\000p\000e\000r\000i\000m\000e\000n\000t\000a\000s\000i\000\040\000D\000r\000o\000p\000o\000u\000t}{subsection.4.1.5}% 89
\BOOKMARK [3][-]{subsubsection.4.1.5.3}{\376\377\000E\000k\000s\000p\000e\000r\000i\000m\000e\000n\000t\000a\000s\000i\000\040\000A\000u\000g\000m\000e\000n\000t\000a\000s\000i\000\040\000D\000a\000t\000a}{subsection.4.1.5}% 90
\BOOKMARK [3][-]{subsubsection.4.1.5.4}{\376\377\000E\000k\000s\000p\000e\000r\000i\000m\000e\000n\000t\000a\000s\000i\000\040\000O\000p\000t\000i\000m\000i\000z\000e\000r}{subsection.4.1.5}% 91
\BOOKMARK [1][-]{section.4.2}{\376\377\000E\000v\000a\000l\000u\000a\000s\000i}{chapter.4}% 92
\BOOKMARK [1][-]{section.4.3}{\376\377\000P\000e\000m\000b\000a\000h\000a\000s\000a\000n}{chapter.4}% 93
\BOOKMARK [0][-]{chapter.5}{\376\377\000K\000E\000S\000I\000M\000P\000U\000L\000A\000N\000\040\000D\000A\000N\000\040\000S\000A\000R\000A\000N}{}% 94
\BOOKMARK [1][-]{section.5.1}{\376\377\000K\000e\000s\000i\000m\000p\000u\000l\000a\000n}{chapter.5}% 95
\BOOKMARK [1][-]{section.5.2}{\376\377\000S\000a\000r\000a\000n}{chapter.5}% 96
\BOOKMARK [0][-]{section*.44}{\376\377\000D\000A\000F\000T\000A\000R\000\040\000P\000U\000S\000T\000A\000K\000A}{}% 97
\BOOKMARK [0][-]{chapter*.45}{\376\377\000L\000A\000M\000P\000I\000R\000A\000N}{}% 98
\BOOKMARK [1][-]{section.Alph0.1}{\376\377\000G\000i\000t\000H\000u\000b\000\040\000P\000r\000o\000y\000e\000k\000\040\000T\000u\000g\000a\000s\000\040\000A\000k\000h\000i\000r}{chapter*.45}% 99
